[96m[2023-02-08 20:13:15][0m[32m登陆成功，姓名:戴子涵，大学:南京师范大学
[0m
[96m[2023-02-08 20:13:15][0m[34m
获取任务详细信息成功[0m
[34m工作流id[0m:[92m5ec636e9ddd46f28a029e49d01cf98ed[0m
[34m标题[0m:[92m0209本科生健康动态日报[0m
[34m状态[0m:[92muncompleted[0m
[34m起始时间[0m:[96m2023-02-08 21:00:00[0m
[96m[2023-02-08 20:13:15][0m[31m提交失败[0m([33m0209本科生健康动态日报[0m) error:[91m未到签到时间,TaskId:db9d6654f983b8c6cc816a620b0663fd[0m
[96m[2023-02-08 20:13:15][0m[93m跳过了:2022年12月本科生离校报备
[0m
[96m[2023-02-08 20:13:15][0m[94m*******************分割线*********************[0m
[96m[2023-02-08 20:13:15][0m[32m登陆成功，姓名:汪俊伟，大学:南京师范大学
[0m
[96m[2023-02-08 20:13:15][0m[34m
获取任务详细信息成功[0m
[34m工作流id[0m:[92m5ec636e9ddd46f28a029e49d01cf98ed[0m
[34m标题[0m:[92m0209本科生健康动态日报[0m
[34m状态[0m:[92muncompleted[0m
[34m起始时间[0m:[96m2023-02-08 21:00:00[0m
[96m[2023-02-08 20:13:15][0m[31m提交失败[0m([33m0209本科生健康动态日报[0m) error:[91m未到签到时间,TaskId:db9d6654f983b8c6cc816a620b0663fd[0m
[96m[2023-02-08 20:13:15][0m[93m跳过了:本科生健康信息采集
[0m
[96m[2023-02-08 20:13:15][0m[94m*******************分割线*********************[0m
